<?xml version="1.0" encoding="utf-8"?><testsuites name="pytest tests"><testsuite name="pytest" errors="0" failures="0" skipped="0" tests="15" time="3.473" timestamp="2026-03-09T19:24:56.450869+00:00" hostname="agent-env-c8b676bd-b654-44a8-aa00-6e8ba00dd6d9"><testcase classname="backend.tests.test_auth.TestAuthRegister" name="test_register_new_user_success" time="0.191" /><testcase classname="backend.tests.test_auth.TestAuthRegister" name="test_register_invalid_email_format" time="0.126" /><testcase classname="backend.tests.test_auth.TestAuthRegister" name="test_register_short_password" time="0.108" /><testcase classname="backend.tests.test_auth.TestAuthRegister" name="test_register_duplicate_email" time="0.162" /><testcase classname="backend.tests.test_auth.TestAuthLogin" name="test_login_valid_credentials" time="0.147" /><testcase classname="backend.tests.test_auth.TestAuthLogin" name="test_login_invalid_email" time="0.172" /><testcase classname="backend.tests.test_auth.TestAuthLogin" name="test_login_wrong_password" time="0.164" /><testcase classname="backend.tests.test_auth.TestAuthProfile" name="test_get_profile_with_valid_token" time="0.250" /><testcase classname="backend.tests.test_auth.TestAuthProfile" name="test_get_profile_without_token" time="0.232" /><testcase classname="backend.tests.test_auth.TestAuthProfile" name="test_get_profile_invalid_token" time="0.314" /><testcase classname="backend.tests.test_auth.TestAuthProfileUpdate" name="test_update_profile_trimester" time="0.333" /><testcase classname="backend.tests.test_auth.TestAuthProfileUpdate" name="test_update_profile_dietary_restrictions" time="0.410" /><testcase classname="backend.tests.test_auth.TestAuthProfileUpdate" name="test_update_profile_without_token" time="0.246" /><testcase classname="backend.tests.test_auth.TestPersonalizedFoods" name="test_personalized_foods_with_conditions" time="0.293" /><testcase classname="backend.tests.test_auth.TestPersonalizedFoods" name="test_personalized_foods_without_conditions" time="0.241" /></testsuite></testsuites>