<?xml version="1.0" encoding="utf-8"?><testsuites name="pytest tests"><testsuite name="pytest" errors="0" failures="0" skipped="0" tests="19" time="3.252" timestamp="2026-03-09T19:01:10.190934+00:00" hostname="agent-env-c8b676bd-b654-44a8-aa00-6e8ba00dd6d9"><testcase classname="tests.test_new_features.TestPremiumStatusEndpoint" name="test_premium_status_non_premium_user" time="0.149" /><testcase classname="tests.test_new_features.TestPremiumStatusEndpoint" name="test_premium_status_response_structure" time="0.133" /><testcase classname="tests.test_new_features.TestPremiumStatusEndpoint" name="test_premium_status_with_various_user_ids" time="0.508" /><testcase classname="tests.test_new_features.TestFoodsMongoDB" name="test_get_all_foods_returns_85_items" time="0.139" /><testcase classname="tests.test_new_features.TestFoodsMongoDB" name="test_food_structure" time="0.414" /><testcase classname="tests.test_new_features.TestFoodsMongoDB" name="test_get_food_by_id" time="0.150" /><testcase classname="tests.test_new_features.TestFoodsMongoDB" name="test_get_food_by_id_not_found" time="0.123" /><testcase classname="tests.test_new_features.TestFoodsMongoDB" name="test_search_foods" time="0.139" /><testcase classname="tests.test_new_features.TestFoodsMongoDB" name="test_search_foods_by_category" time="0.109" /><testcase classname="tests.test_new_features.TestFoodsMongoDB" name="test_search_foods_empty_query" time="0.132" /><testcase classname="tests.test_new_features.TestCategoriesMongoDB" name="test_get_categories" time="0.131" /><testcase classname="tests.test_new_features.TestCategoriesMongoDB" name="test_categories_sorted" time="0.153" /><testcase classname="tests.test_new_features.TestPersonalizedFoodsWithMongoDB" name="test_personalized_foods_uses_mongodb" time="0.137" /><testcase classname="tests.test_new_features.TestPersonalizedFoodsWithMongoDB" name="test_personalized_foods_with_conditions" time="0.132" /><testcase classname="tests.test_new_features.TestFoodsByCategory" name="test_get_foods_by_category" time="0.116" /><testcase classname="tests.test_new_features.TestFoodsBySafety" name="test_get_safe_foods" time="0.119" /><testcase classname="tests.test_new_features.TestFoodsBySafety" name="test_get_limit_foods" time="0.133" /><testcase classname="tests.test_new_features.TestFoodsBySafety" name="test_get_avoid_foods" time="0.145" /><testcase classname="tests.test_new_features.TestFoodsBySafety" name="test_invalid_safety_level" time="0.123" /></testsuite></testsuites>