<?xml version="1.0" encoding="utf-8"?><testsuites name="pytest tests"><testsuite name="pytest" errors="0" failures="0" skipped="0" tests="8" time="3.685" timestamp="2026-03-09T17:28:19.637897+00:00" hostname="agent-env-c8b676bd-b654-44a8-aa00-6e8ba00dd6d9"><testcase classname="backend.tests.test_payments_onboarding.TestStripePaymentCheckout" name="test_checkout_creates_stripe_session" time="0.678" /><testcase classname="backend.tests.test_payments_onboarding.TestStripePaymentCheckout" name="test_checkout_with_guest_user" time="0.513" /><testcase classname="backend.tests.test_payments_onboarding.TestStripePaymentCheckout" name="test_checkout_requires_origin_url" time="0.157" /><testcase classname="backend.tests.test_payments_onboarding.TestPaymentStatus" name="test_get_payment_status_valid_session" time="0.832" /><testcase classname="backend.tests.test_payments_onboarding.TestPaymentStatus" name="test_get_payment_status_invalid_session" time="0.399" /><testcase classname="backend.tests.test_payments_onboarding.TestPaymentPricing" name="test_premium_price_is_correct" time="0.841" /><testcase classname="backend.tests.test_payments_onboarding.TestAPIHealth" name="test_api_root_accessible" time="0.103" /><testcase classname="backend.tests.test_payments_onboarding.TestAPIHealth" name="test_foods_endpoint" time="0.105" /></testsuite></testsuites>