<?xml version="1.0" encoding="utf-8"?><testsuites name="pytest tests"><testsuite name="pytest" errors="0" failures="0" skipped="0" tests="20" time="3.098" timestamp="2026-03-09T18:51:04.089140+00:00" hostname="agent-env-c8b676bd-b654-44a8-aa00-6e8ba00dd6d9"><testcase classname="backend.tests.test_personalized_foods.TestCriticalAvoidFoodsNeverRecommended" name="test_avoid_foods_not_recommended_without_conditions" time="0.322" /><testcase classname="backend.tests.test_personalized_foods.TestCriticalAvoidFoodsNeverRecommended" name="test_avoid_foods_not_recommended_with_anemia" time="0.186" /><testcase classname="backend.tests.test_personalized_foods.TestCriticalAvoidFoodsNeverRecommended" name="test_avoid_foods_not_recommended_all_conditions" time="0.183" /><testcase classname="backend.tests.test_personalized_foods.TestCriticalAvoidFoodsNeverRecommended" name="test_specific_avoid_food_alcohol" time="0.128" /><testcase classname="backend.tests.test_personalized_foods.TestCriticalAvoidFoodsNeverRecommended" name="test_specific_avoid_food_raw_fish" time="0.143" /><testcase classname="backend.tests.test_personalized_foods.TestCriticalAvoidFoodsNeverRecommended" name="test_all_13_avoid_foods_verified" time="0.186" /><testcase classname="backend.tests.test_personalized_foods.TestAnemiaCondition" name="test_anemia_recommends_iron_rich_foods" time="0.127" /><testcase classname="backend.tests.test_personalized_foods.TestAnemiaCondition" name="test_anemia_recommendations_info" time="0.175" /><testcase classname="backend.tests.test_personalized_foods.TestGestationalDiabetes" name="test_gestational_diabetes_recommends_low_glycemic" time="0.168" /><testcase classname="backend.tests.test_personalized_foods.TestGestationalDiabetes" name="test_high_sugar_foods_flagged_for_diabetes" time="0.125" /><testcase classname="backend.tests.test_personalized_foods.TestHighBloodPressure" name="test_high_bp_recommends_low_sodium_potassium" time="0.140" /><testcase classname="backend.tests.test_personalized_foods.TestHighBloodPressure" name="test_high_sodium_foods_flagged_for_bp" time="0.114" /><testcase classname="backend.tests.test_personalized_foods.TestCautionReasons" name="test_avoid_foods_have_caution_reasons" time="0.145" /><testcase classname="backend.tests.test_personalized_foods.TestTrimesterRecommendations" name="test_trimester_1_info" time="0.141" /><testcase classname="backend.tests.test_personalized_foods.TestTrimesterRecommendations" name="test_trimester_2_info" time="0.108" /><testcase classname="backend.tests.test_personalized_foods.TestTrimesterRecommendations" name="test_trimester_3_info" time="0.114" /><testcase classname="backend.tests.test_personalized_foods.TestTrimesterRecommendations" name="test_postpartum_trimester_4" time="0.122" /><testcase classname="backend.tests.test_personalized_foods.TestAPIResponseStructure" name="test_response_structure" time="0.127" /><testcase classname="backend.tests.test_personalized_foods.TestAPIResponseStructure" name="test_food_item_structure" time="0.132" /><testcase classname="backend.tests.test_personalized_foods.TestAPIResponseStructure" name="test_caution_count_includes_avoid" time="0.117" /></testsuite></testsuites>