<?xml version="1.0" encoding="utf-8"?><testsuites name="pytest tests"><testsuite name="pytest" errors="0" failures="0" skipped="0" tests="27" time="6.026" timestamp="2026-03-01T15:18:09.101528+00:00" hostname="agent-env-c8b676bd-b654-44a8-aa00-6e8ba00dd6d9"><testcase classname="backend.tests.test_push_notifications.TestNotificationStatus" name="test_notification_status_returns_200" time="0.201" /><testcase classname="backend.tests.test_push_notifications.TestNotificationStatus" name="test_notification_status_contains_fcm_config" time="0.116" /><testcase classname="backend.tests.test_push_notifications.TestNotificationStatus" name="test_notification_status_contains_scheduler_info" time="0.114" /><testcase classname="backend.tests.test_push_notifications.TestNotificationStatus" name="test_notification_status_contains_device_count" time="0.102" /><testcase classname="backend.tests.test_push_notifications.TestNotificationStatus" name="test_notification_status_contains_daily_tip_preview" time="0.113" /><testcase classname="backend.tests.test_push_notifications.TestDeviceTokenRegistration" name="test_register_new_device_token" time="0.295" /><testcase classname="backend.tests.test_push_notifications.TestDeviceTokenRegistration" name="test_register_device_with_default_platform" time="0.247" /><testcase classname="backend.tests.test_push_notifications.TestDeviceTokenRegistration" name="test_update_existing_device_token" time="0.355" /><testcase classname="backend.tests.test_push_notifications.TestDeviceTokenRegistration" name="test_register_device_empty_token_fails" time="0.193" /><testcase classname="backend.tests.test_push_notifications.TestDeviceTokenRegistration" name="test_register_device_whitespace_token_fails" time="0.103" /><testcase classname="backend.tests.test_push_notifications.TestDeviceTokenRegistration" name="test_register_device_invalid_trimester_fails" time="0.101" /><testcase classname="backend.tests.test_push_notifications.TestDeviceTokenRegistration" name="test_register_device_valid_trimesters" time="0.640" /><testcase classname="backend.tests.test_push_notifications.TestDeviceTokenUnregistration" name="test_unregister_existing_token" time="0.210" /><testcase classname="backend.tests.test_push_notifications.TestDeviceTokenUnregistration" name="test_unregister_nonexistent_token_returns_404" time="0.103" /><testcase classname="backend.tests.test_push_notifications.TestDeviceTokenUnregistration" name="test_unregister_and_verify_removed_from_db" time="0.558" /><testcase classname="backend.tests.test_push_notifications.TestTestNotification" name="test_notification_endpoint_returns_response" time="0.260" /><testcase classname="backend.tests.test_push_notifications.TestTestNotification" name="test_notification_with_default_title_body" time="0.157" /><testcase classname="backend.tests.test_push_notifications.TestTestNotification" name="test_notification_empty_token_fails" time="0.106" /><testcase classname="backend.tests.test_push_notifications.TestTriggerDailyNotification" name="test_trigger_daily_notification_returns_200" time="0.146" /><testcase classname="backend.tests.test_push_notifications.TestTriggerDailyNotification" name="test_trigger_daily_notification_idempotent" time="0.323" /><testcase classname="backend.tests.test_push_notifications.TestDailyTipRotation" name="test_daily_tip_has_correct_structure" time="0.101" /><testcase classname="backend.tests.test_push_notifications.TestDailyTipRotation" name="test_daily_tip_contains_navigation_data" time="0.108" /><testcase classname="backend.tests.test_push_notifications.TestMongoDBPersistence" name="test_token_persists_after_registration" time="0.416" /><testcase classname="backend.tests.test_push_notifications.TestMongoDBPersistence" name="test_duplicate_token_updates_not_duplicates" time="0.558" /><testcase classname="backend.tests.test_push_notifications.TestSchedulerConfiguration" name="test_scheduler_timezone_is_dar_es_salaam" time="0.113" /><testcase classname="backend.tests.test_push_notifications.TestSchedulerConfiguration" name="test_scheduled_time_is_3pm" time="0.104" /><testcase classname="backend.tests.test_push_notifications.TestSchedulerConfiguration" name="test_next_notification_time_format" time="0.098" /></testsuite></testsuites>