<?xml version="1.0" encoding="utf-8"?><testsuites name="pytest tests"><testsuite name="pytest" errors="0" failures="0" skipped="0" tests="12" time="2.154" timestamp="2026-03-20T12:52:33.818639+00:00" hostname="agent-env-0bf66726-9143-4b70-8c23-15bc5806c0bd"><testcase classname="backend.tests.test_iap_endpoints.TestHealthEndpoint" name="test_health_check" time="0.127" /><testcase classname="backend.tests.test_iap_endpoints.TestIAPEndpoints" name="test_verify_purchase_with_invalid_receipt" time="0.331" /><testcase classname="backend.tests.test_iap_endpoints.TestIAPEndpoints" name="test_verify_purchase_with_empty_receipt" time="0.359" /><testcase classname="backend.tests.test_iap_endpoints.TestIAPEndpoints" name="test_premium_status_unauthenticated" time="0.099" /><testcase classname="backend.tests.test_iap_endpoints.TestIAPEndpoints" name="test_premium_status_with_invalid_token" time="0.121" /><testcase classname="backend.tests.test_iap_endpoints.TestFoodEndpoints" name="test_get_all_foods" time="0.134" /><testcase classname="backend.tests.test_iap_endpoints.TestFoodEndpoints" name="test_get_categories" time="0.103" /><testcase classname="backend.tests.test_iap_endpoints.TestFoodEndpoints" name="test_get_safety_levels" time="0.108" /><testcase classname="backend.tests.test_iap_endpoints.TestFoodEndpoints" name="test_search_foods" time="0.104" /><testcase classname="backend.tests.test_iap_endpoints.TestFoodEndpoints" name="test_get_food_by_id" time="0.383" /><testcase classname="backend.tests.test_iap_endpoints.TestFoodEndpoints" name="test_food_has_premium_flag" time="0.125" /><testcase classname="backend.tests.test_iap_endpoints.TestRestorePurchases" name="test_restore_without_receipt_or_user" time="0.098" /></testsuite></testsuites>