<?xml version="1.0" encoding="utf-8"?><testsuites name="pytest tests"><testsuite name="pytest" errors="0" failures="0" skipped="0" tests="14" time="2.061" timestamp="2026-03-10T20:25:33.985776+00:00" hostname="agent-env-c8b676bd-b654-44a8-aa00-6e8ba00dd6d9"><testcase classname="backend.tests.test_tips_api.TestTipsToday" name="test_get_today_tip_no_trimester" time="0.271" /><testcase classname="backend.tests.test_tips_api.TestTipsToday" name="test_get_today_tip_first_trimester" time="0.155" /><testcase classname="backend.tests.test_tips_api.TestTipsToday" name="test_get_today_tip_second_trimester" time="0.121" /><testcase classname="backend.tests.test_tips_api.TestTipsToday" name="test_get_today_tip_third_trimester" time="0.148" /><testcase classname="backend.tests.test_tips_api.TestTipsToday" name="test_get_today_tip_invalid_trimester" time="0.109" /><testcase classname="backend.tests.test_tips_api.TestTipsAll" name="test_get_all_tips_no_filter" time="0.133" /><testcase classname="backend.tests.test_tips_api.TestTipsAll" name="test_get_all_tips_first_trimester" time="0.159" /><testcase classname="backend.tests.test_tips_api.TestTipsAll" name="test_get_all_tips_second_trimester" time="0.115" /><testcase classname="backend.tests.test_tips_api.TestTipsAll" name="test_get_all_tips_third_trimester" time="0.126" /><testcase classname="backend.tests.test_tips_api.TestTipsByIndex" name="test_get_tip_by_index_zero" time="0.141" /><testcase classname="backend.tests.test_tips_api.TestTipsByIndex" name="test_get_tip_by_index_with_trimester" time="0.109" /><testcase classname="backend.tests.test_tips_api.TestTipsByIndex" name="test_get_tip_by_large_index" time="0.147" /><testcase classname="backend.tests.test_tips_api.TestAboutEndpoint" name="test_get_about_returns_whattoeat" time="0.115" /><testcase classname="backend.tests.test_tips_api.TestAPIRoot" name="test_api_root_returns_whattoeat" time="0.132" /></testsuite></testsuites>