<?xml version="1.0" encoding="utf-8"?><testsuites name="pytest tests"><testsuite name="pytest" errors="0" failures="0" skipped="0" tests="22" time="5.570" timestamp="2026-03-20T14:45:52.114841+00:00" hostname="agent-env-0bf66726-9143-4b70-8c23-15bc5806c0bd"><testcase classname="backend.tests.test_whattoeat_api.TestHealthAndBasicEndpoints" name="test_health_endpoint" time="0.247" /><testcase classname="backend.tests.test_whattoeat_api.TestHealthAndBasicEndpoints" name="test_root_endpoint" time="0.122" /><testcase classname="backend.tests.test_whattoeat_api.TestFoodsEndpoints" name="test_foods_all_returns_288_items" time="0.147" /><testcase classname="backend.tests.test_whattoeat_api.TestFoodsEndpoints" name="test_foods_all_structure" time="0.137" /><testcase classname="backend.tests.test_whattoeat_api.TestFoodsEndpoints" name="test_foods_search_by_name" time="0.144" /><testcase classname="backend.tests.test_whattoeat_api.TestFoodsEndpoints" name="test_foods_search_by_category_name" time="0.139" /><testcase classname="backend.tests.test_whattoeat_api.TestFoodsEndpoints" name="test_foods_search_empty_query" time="0.140" /><testcase classname="backend.tests.test_whattoeat_api.TestFoodsEndpoints" name="test_foods_search_special_characters" time="0.973" /><testcase classname="backend.tests.test_whattoeat_api.TestFoodsEndpoints" name="test_foods_by_id" time="0.205" /><testcase classname="backend.tests.test_whattoeat_api.TestFoodsEndpoints" name="test_foods_invalid_id" time="0.151" /><testcase classname="backend.tests.test_whattoeat_api.TestFoodsEndpoints" name="test_foods_pagination_page_2" time="0.133" /><testcase classname="backend.tests.test_whattoeat_api.TestFoodsEndpoints" name="test_premium_foods_exist" time="0.135" /><testcase classname="backend.tests.test_whattoeat_api.TestCategoryAndSafetyEndpoints" name="test_categories_endpoint" time="0.129" /><testcase classname="backend.tests.test_whattoeat_api.TestCategoryAndSafetyEndpoints" name="test_safety_levels_endpoint" time="0.127" /><testcase classname="backend.tests.test_whattoeat_api.TestCategoryAndSafetyEndpoints" name="test_all_safety_levels_exist_in_foods" time="0.178" /><testcase classname="backend.tests.test_whattoeat_api.TestAuthEndpoints" name="test_auth_me_unauthorized" time="0.150" /><testcase classname="backend.tests.test_whattoeat_api.TestAuthEndpoints" name="test_logout_without_token" time="0.125" /><testcase classname="backend.tests.test_whattoeat_api.TestIAPEndpoints" name="test_premium_status_unauthenticated" time="0.137" /><testcase classname="backend.tests.test_whattoeat_api.TestIAPEndpoints" name="test_verify_purchase_empty" time="0.370" /><testcase classname="backend.tests.test_whattoeat_api.TestIAPEndpoints" name="test_restore_purchases_unauthenticated" time="0.127" /><testcase classname="backend.tests.test_whattoeat_api.TestRapidRequests" name="test_rapid_sequential_requests" time="0.684" /><testcase classname="backend.tests.test_whattoeat_api.TestRapidRequests" name="test_concurrent_category_check" time="0.794" /></testsuite></testsuites>